# JRE version: OpenJDK Runtime Environment (8.0_222-b10) (build 1.8.0_222-8u222-b10-1ubuntu1~19.04.1-b10)
# Java VM: OpenJDK 64-Bit Server VM (25.222-b10 mixed mode linux-amd64 compressed oops)
Heap:
 PSYoungGen      total 2138112K, used 0K [0x0000000715580000, 0x000000079b480000, 0x00000007c0000000)
  eden space 2086912K, 0% used [0x0000000715580000,0x0000000715580000,0x0000000794b80000)
  from space 51200K, 0% used [0x0000000798280000,0x0000000798280000,0x000000079b480000)
  to   space 53760K, 0% used [0x0000000794b80000,0x0000000794b80000,0x0000000798000000)
 ParOldGen       total 1624064K, used 1584316K [0x00000005c0000000, 0x0000000623200000, 0x0000000715580000)
  object space 1624064K, 97% used [0x00000005c0000000,0x0000000620b2f308,0x0000000623200000)
 Metaspace       used 78389K, capacity 85182K, committed 85376K, reserved 1124352K
  class space    used 8956K, capacity 10588K, committed 10624K, reserved 1048576K
GC Heap History (10 events):
Event: 8325.461 GC heap after
Heap after GC invocations=114 (full 68):
 PSYoungGen      total 2138112K, used 872918K [0x0000000715580000, 0x000000079b480000, 0x00000007c0000000)
  eden space 2086912K, 41% used [0x0000000715580000,0x000000074a9f5be0,0x0000000794b80000)
  from space 51200K, 0% used [0x0000000798280000,0x0000000798280000,0x000000079b480000)
  to   space 53760K, 0% used [0x0000000794b80000,0x0000000794b80000,0x0000000798000000)
 ParOldGen       total 351232K, used 351014K [0x00000005c0000000, 0x00000005d5700000, 0x0000000715580000)
  object space 351232K, 99% used [0x00000005c0000000,0x00000005d56c9a78,0x00000005d5700000)
 Metaspace       used 76681K, capacity 83226K, committed 83456K, reserved 1122304K
  class space    used 8766K, capacity 10372K, committed 10496K, reserved 1048576K
}
Event: 9225.188 GC heap before
{Heap before GC invocations=115 (full 69):
 PSYoungGen      total 2138112K, used 1461467K [0x0000000715580000, 0x000000079b480000, 0x00000007c0000000)
  eden space 2086912K, 70% used [0x0000000715580000,0x000000076e8b6cf8,0x0000000794b80000)
  from space 51200K, 0% used [0x0000000798280000,0x0000000798280000,0x000000079b480000)
  to   space 53760K, 0% used [0x0000000794b80000,0x0000000794b80000,0x0000000798000000)
 ParOldGen       total 351232K, used 351014K [0x00000005c0000000, 0x00000005d5700000, 0x0000000715580000)
  object space 351232K, 99% used [0x00000005c0000000,0x00000005d56c9a78,0x00000005d5700000)
 Metaspace       used 76890K, capacity 83480K, committed 83712K, reserved 1122304K
  class space    used 8793K, capacity 10414K, committed 10496K, reserved 1048576K
Event: 9227.641 GC heap after
Heap after GC invocations=115 (full 69):
 PSYoungGen      total 2138112K, used 891413K [0x0000000715580000, 0x000000079b480000, 0x00000007c0000000)
  eden space 2086912K, 42% used [0x0000000715580000,0x000000074bc056d0,0x0000000794b80000)
  from space 51200K, 0% used [0x0000000798280000,0x0000000798280000,0x000000079b480000)
  to   space 53760K, 0% used [0x0000000794b80000,0x0000000794b80000,0x0000000798000000)
 ParOldGen       total 351232K, used 350802K [0x00000005c0000000, 0x00000005d5700000, 0x0000000715580000)
  object space 351232K, 99% used [0x00000005c0000000,0x00000005d5694af0,0x00000005d5700000)
 Metaspace       used 76890K, capacity 83480K, committed 83712K, reserved 1122304K
  class space    used 8793K, capacity 10414K, committed 10496K, reserved 1048576K
}
Event: 9447.564 GC heap before
{Heap before GC invocations=116 (full 70):
 PSYoungGen      total 2138112K, used 2086912K [0x0000000715580000, 0x000000079b480000, 0x00000007c0000000)
  eden space 2086912K, 100% used [0x0000000715580000,0x0000000794b80000,0x0000000794b80000)
  from space 51200K, 0% used [0x0000000798280000,0x0000000798280000,0x000000079b480000)
  to   space 53760K, 0% used [0x0000000794b80000,0x0000000794b80000,0x0000000798000000)
 ParOldGen       total 351232K, used 350802K [0x00000005c0000000, 0x00000005d5700000, 0x0000000715580000)
  object space 351232K, 99% used [0x00000005c0000000,0x00000005d5694af0,0x00000005d5700000)
 Metaspace       used 78389K, capacity 85182K, committed 85376K, reserved 1124352K
  class space    used 8956K, capacity 10588K, committed 10624K, reserved 1048576K
Event: 9450.211 GC heap after
Heap after GC invocations=116 (full 70):
 PSYoungGen      total 2138112K, used 927533K [0x0000000715580000, 0x000000079b480000, 0x00000007c0000000)
  eden space 2086912K, 44% used [0x0000000715580000,0x000000074df4b7c8,0x0000000794b80000)
  from space 51200K, 0% used [0x0000000798280000,0x0000000798280000,0x000000079b480000)
  to   space 53760K, 0% used [0x0000000794b80000,0x0000000794b80000,0x0000000798000000)
 ParOldGen       total 641024K, used 350905K [0x00000005c0000000, 0x00000005e7200000, 0x0000000715580000)
  object space 641024K, 54% used [0x00000005c0000000,0x00000005d56ae460,0x00000005e7200000)
 Metaspace       used 78389K, capacity 85182K, committed 85376K, reserved 1124352K
  class space    used 8956K, capacity 10588K, committed 10624K, reserved 1048576K
}
Event: 9451.268 GC heap before
{Heap before GC invocations=117 (full 70):
 PSYoungGen      total 2138112K, used 2086912K [0x0000000715580000, 0x000000079b480000, 0x00000007c0000000)
  eden space 2086912K, 100% used [0x0000000715580000,0x0000000794b80000,0x0000000794b80000)
  from space 51200K, 0% used [0x0000000798280000,0x0000000798280000,0x000000079b480000)
  to   space 53760K, 0% used [0x0000000794b80000,0x0000000794b80000,0x0000000798000000)
 ParOldGen       total 641024K, used 350905K [0x00000005c0000000, 0x00000005e7200000, 0x0000000715580000)
  object space 641024K, 54% used [0x00000005c0000000,0x00000005d56ae460,0x00000005e7200000)
 Metaspace       used 78389K, capacity 85182K, committed 85376K, reserved 1124352K
  class space    used 8956K, capacity 10588K, committed 10624K, reserved 1048576K
Event: 9458.034 GC heap after
Heap after GC invocations=117 (full 70):
 PSYoungGen      total 2138112K, used 2086912K [0x0000000715580000, 0x000000079b480000, 0x00000007c0000000)
  eden space 2086912K, 100% used [0x0000000715580000,0x0000000794b80000,0x0000000794b80000)
  from space 51200K, 0% used [0x0000000798280000,0x0000000798280000,0x000000079b480000)
  to   space 53760K, 99% used [0x0000000794b80000,0x0000000797ffc890,0x0000000798000000)
 ParOldGen       total 1232896K, used 1232021K [0x00000005c0000000, 0x000000060b400000, 0x0000000715580000)
  object space 1232896K, 99% used [0x00000005c0000000,0x000000060b325488,0x000000060b400000)
 Metaspace       used 78389K, capacity 85182K, committed 85376K, reserved 1124352K
  class space    used 8956K, capacity 10588K, committed 10624K, reserved 1048576K
}
Event: 9458.034 GC heap before
{Heap before GC invocations=118 (full 71):
 PSYoungGen      total 2138112K, used 2086912K [0x0000000715580000, 0x000000079b480000, 0x00000007c0000000)
  eden space 2086912K, 100% used [0x0000000715580000,0x0000000794b80000,0x0000000794b80000)
  from space 51200K, 0% used [0x0000000798280000,0x0000000798280000,0x000000079b480000)
  to   space 53760K, 99% used [0x0000000794b80000,0x0000000797ffc890,0x0000000798000000)
 ParOldGen       total 1232896K, used 1232021K [0x00000005c0000000, 0x000000060b400000, 0x0000000715580000)
  object space 1232896K, 99% used [0x00000005c0000000,0x000000060b325488,0x000000060b400000)
 Metaspace       used 78389K, capacity 85182K, committed 85376K, reserved 1124352K
  class space    used 8956K, capacity 10588K, committed 10624K, reserved 1048576K
Event: 9464.816 GC heap after
Heap after GC invocations=118 (full 71):
 PSYoungGen      total 2138112K, used 0K [0x0000000715580000, 0x000000079b480000, 0x00000007c0000000)
  eden space 2086912K, 0% used [0x0000000715580000,0x0000000715580000,0x0000000794b80000)
  from space 51200K, 0% used [0x0000000798280000,0x0000000798280000,0x000000079b480000)
  to   space 53760K, 96% used [0x0000000794b80000,0x0000000797de9410,0x0000000798000000)
 ParOldGen       total 1624064K, used 1232465K [0x00000005c0000000, 0x0000000623200000, 0x0000000715580000)
  object space 1624064K, 75% used [0x00000005c0000000,0x000000060b394770,0x0000000623200000)
 Metaspace       used 78389K, capacity 85182K, committed 85376K, reserved 1124352K
  class space    used 8956K, capacity 10588K, committed 10624K, reserved 1048576K
}
Event: 9466.478 GC heap before
{Heap before GC invocations=119 (full 72):
 PSYoungGen      total 2138112K, used 2086912K [0x0000000715580000, 0x000000079b480000, 0x00000007c0000000)
  eden space 2086912K, 100% used [0x0000000715580000,0x0000000794b80000,0x0000000794b80000)
  from space 51200K, 0% used [0x0000000798280000,0x0000000798280000,0x000000079b480000)
  to   space 53760K, 96% used [0x0000000794b80000,0x0000000797de9410,0x0000000798000000)
 ParOldGen       total 1624064K, used 1232465K [0x00000005c0000000, 0x0000000623200000, 0x0000000715580000)
  object space 1624064K, 75% used [0x00000005c0000000,0x000000060b394770,0x0000000623200000)
 Metaspace       used 78389K, capacity 85182K, committed 85376K, reserved 1124352K
  class space    used 8956K, capacity 10588K, committed 10624K, reserved 1048576K

